Base path: 'C:/Program Files/Unity/Hub/Editor/2019.4.12f1/Editor/Data', plugins path 'C:/Program Files/Unity/Hub/Editor/2019.4.12f1/Editor/Data/PlaybackEngines'
Cmd: initializeCompiler
Cmd: preprocessCompute
  insize=7161 outsize=7163 ok=1
Cmd: preprocessCompute
  insize=5768 outsize=5770 ok=1
Cmd: preprocess
  insize=38835 outsize=614 ok=1
Cmd: preprocessCompute
  insize=7182 outsize=7184 ok=1
Cmd: preprocessCompute
  insize=5768 outsize=5770 ok=1
Cmd: preprocess
  insize=38643 outsize=613 ok=1
Cmd: preprocessCompute
  insize=7161 outsize=7163 ok=1
Cmd: preprocessCompute
  insize=5768 outsize=5770 ok=1
Cmd: preprocess
  insize=38835 outsize=614 ok=1
Cmd: preprocessCompute
  insize=7161 outsize=7163 ok=1
Cmd: preprocessCompute
  insize=5768 outsize=5770 ok=1
Cmd: preprocess
  insize=38835 outsize=614 ok=1
Cmd: preprocessCompute
  insize=7161 outsize=7163 ok=1
Cmd: preprocessCompute
  insize=5768 outsize=5770 ok=1
Cmd: preprocess
  insize=38835 outsize=614 ok=1
